<?xml version="1.0" encoding="UTF-8"?>
<!-- Generated by org.testng.reporters.JUnitXMLReporter -->
<testsuite hostname="DESKTOP-ITCJHIC" ignored="0" name="Default test" tests="3" failures="0" timestamp="03 Sep 2020 11:34:58 GMT" time="5.033" errors="0">
  <testcase name="addBook" time="4.388" classname="testcase.DynamicJson"/>
  <testcase name="addBook" time="0.329" classname="testcase.DynamicJson"/>
  <testcase name="addBook" time="0.261" classname="testcase.DynamicJson"/>
</testsuite> <!-- Default test -->
